{
  "0 debug pnpm:scope": {
    "selected": 1,
    "workspacePrefix": "C:\\Users\\11645\\Desktop\\monorepo"
  },
  "1 error pnpm": {
    "errno": 1,
    "code": "ELIFECYCLE",
    "pkgid": "monorepo@1.0.0",
    "stage": "ui:dev",
    "script": "pnpm run dev --filter @cjh/ui",
    "pkgname": "monorepo",
    "err": {
      "name": "pnpm",
      "message": "monorepo@1.0.0 ui:dev: `pnpm run dev --filter @cjh/ui`\nExit status 1",
      "code": "ELIFECYCLE",
      "stack": "pnpm: monorepo@1.0.0 ui:dev: `pnpm run dev --filter @cjh/ui`\nExit status 1\n    at EventEmitter.<anonymous> (C:\\Users\\11645\\AppData\\Roaming\\npm\\node_modules\\pnpm\\dist\\pnpm.cjs:105736:20)\n    at EventEmitter.emit (events.js:315:20)\n    at ChildProcess.<anonymous> (C:\\Users\\11645\\AppData\\Roaming\\npm\\node_modules\\pnpm\\dist\\pnpm.cjs:92297:18)\n    at ChildProcess.emit (events.js:315:20)\n    at maybeClose (internal/child_process.js:1048:16)\n    at Process.ChildProcess._handle.onexit (internal/child_process.js:288:5)"
    }
  }
}